2021-04-10 18:47:44 [scrapy.utils.log] INFO: Scrapy 2.5.0 started (bot: Maoyan)
2021-04-10 18:47:44 [scrapy.utils.log] INFO: Versions: lxml 4.2.5.0, libxml2 2.9.8, cssselect 1.1.0, parsel 1.6.0, w3lib 1.22.0, Twisted 21.2.0, Python 3.7.1 (default, Dec 14 2018, 13:28:58) - [Clang 4.0.1 (tags/RELEASE_401/final)], pyOpenSSL 18.0.0 (OpenSSL 1.1.1  11 Sep 2018), cryptography 2.4.2, Platform Darwin-18.7.0-x86_64-i386-64bit
2021-04-10 18:47:44 [scrapy.crawler] INFO: Overridden settings:
{'BOT_NAME': 'Maoyan',
 'LOG_FILE': 'maoyan.log',
 'LOG_LEVEL': 'INFO',
 'NEWSPIDER_MODULE': 'Maoyan.spiders',
 'SPIDER_MODULES': ['Maoyan.spiders']}
2021-04-10 18:47:44 [scrapy.extensions.telnet] INFO: Telnet Password: 63b1216705e0a3e8
2021-04-10 18:47:44 [scrapy.middleware] INFO: Enabled extensions:
['scrapy.extensions.corestats.CoreStats',
 'scrapy.extensions.telnet.TelnetConsole',
 'scrapy.extensions.memusage.MemoryUsage',
 'scrapy.extensions.logstats.LogStats']
2021-04-10 18:47:44 [scrapy.middleware] INFO: Enabled downloader middlewares:
['scrapy.downloadermiddlewares.httpauth.HttpAuthMiddleware',
 'scrapy.downloadermiddlewares.downloadtimeout.DownloadTimeoutMiddleware',
 'scrapy.downloadermiddlewares.defaultheaders.DefaultHeadersMiddleware',
 'scrapy.downloadermiddlewares.useragent.UserAgentMiddleware',
 'scrapy.downloadermiddlewares.retry.RetryMiddleware',
 'scrapy.downloadermiddlewares.redirect.MetaRefreshMiddleware',
 'scrapy.downloadermiddlewares.httpcompression.HttpCompressionMiddleware',
 'scrapy.downloadermiddlewares.redirect.RedirectMiddleware',
 'scrapy.downloadermiddlewares.cookies.CookiesMiddleware',
 'scrapy.downloadermiddlewares.httpproxy.HttpProxyMiddleware',
 'scrapy.downloadermiddlewares.stats.DownloaderStats']
2021-04-10 18:47:44 [scrapy.middleware] INFO: Enabled spider middlewares:
['scrapy.spidermiddlewares.httperror.HttpErrorMiddleware',
 'scrapy.spidermiddlewares.offsite.OffsiteMiddleware',
 'scrapy.spidermiddlewares.referer.RefererMiddleware',
 'scrapy.spidermiddlewares.urllength.UrlLengthMiddleware',
 'scrapy.spidermiddlewares.depth.DepthMiddleware']
2021-04-10 18:47:44 [scrapy.middleware] INFO: Enabled item pipelines:
['Maoyan.pipelines.MaoyanMysqlPipeline', 'Maoyan.pipelines.MaoyanPipeline']
2021-04-10 18:47:44 [scrapy.core.engine] INFO: Spider opened
2021-04-10 18:47:44 [scrapy.extensions.logstats] INFO: Crawled 0 pages (at 0 pages/min), scraped 0 items (at 0 items/min)
2021-04-10 18:47:44 [scrapy.extensions.telnet] INFO: Telnet console listening on 127.0.0.1:6023
2021-04-10 18:48:44 [scrapy.extensions.logstats] INFO: Crawled 9 pages (at 9 pages/min), scraped 0 items (at 0 items/min)
2021-04-10 18:49:00 [scrapy.core.engine] INFO: Closing spider (finished)
2021-04-10 18:49:00 [scrapy.statscollectors] INFO: Dumping Scrapy stats:
{'downloader/exception_count': 1,
 'downloader/exception_type_count/twisted.internet.error.TCPTimedOutError': 1,
 'downloader/request_bytes': 6430,
 'downloader/request_count': 21,
 'downloader/request_method_count/GET': 21,
 'downloader/response_bytes': 22011,
 'downloader/response_count': 20,
 'downloader/response_status_count/200': 10,
 'downloader/response_status_count/302': 10,
 'elapsed_time_seconds': 75.525208,
 'finish_reason': 'finished',
 'finish_time': datetime.datetime(2021, 4, 10, 10, 49, 0, 263934),
 'httpcompression/response_bytes': 28940,
 'httpcompression/response_count': 10,
 'log_count/INFO': 11,
 'memusage/max': 76378112,
 'memusage/startup': 72384512,
 'response_received_count': 10,
 'retry/count': 1,
 'retry/reason_count/twisted.internet.error.TCPTimedOutError': 1,
 'scheduler/dequeued': 21,
 'scheduler/dequeued/memory': 21,
 'scheduler/enqueued': 21,
 'scheduler/enqueued/memory': 21,
 'start_time': datetime.datetime(2021, 4, 10, 10, 47, 44, 738726)}
2021-04-10 18:49:00 [scrapy.core.engine] INFO: Spider closed (finished)
2021-04-10 18:49:56 [scrapy.utils.log] INFO: Scrapy 2.5.0 started (bot: Maoyan)
2021-04-10 18:49:56 [scrapy.utils.log] INFO: Versions: lxml 4.2.5.0, libxml2 2.9.8, cssselect 1.1.0, parsel 1.6.0, w3lib 1.22.0, Twisted 21.2.0, Python 3.7.1 (default, Dec 14 2018, 13:28:58) - [Clang 4.0.1 (tags/RELEASE_401/final)], pyOpenSSL 18.0.0 (OpenSSL 1.1.1  11 Sep 2018), cryptography 2.4.2, Platform Darwin-18.7.0-x86_64-i386-64bit
2021-04-10 18:49:56 [scrapy.crawler] INFO: Overridden settings:
{'BOT_NAME': 'Maoyan',
 'LOG_FILE': 'maoyan.log',
 'LOG_LEVEL': 'INFO',
 'NEWSPIDER_MODULE': 'Maoyan.spiders',
 'SPIDER_MODULES': ['Maoyan.spiders']}
2021-04-10 18:49:56 [scrapy.extensions.telnet] INFO: Telnet Password: 69df03fa66a3e316
2021-04-10 18:49:56 [scrapy.middleware] INFO: Enabled extensions:
['scrapy.extensions.corestats.CoreStats',
 'scrapy.extensions.telnet.TelnetConsole',
 'scrapy.extensions.memusage.MemoryUsage',
 'scrapy.extensions.logstats.LogStats']
2021-04-10 18:49:57 [scrapy.middleware] INFO: Enabled downloader middlewares:
['scrapy.downloadermiddlewares.httpauth.HttpAuthMiddleware',
 'scrapy.downloadermiddlewares.downloadtimeout.DownloadTimeoutMiddleware',
 'scrapy.downloadermiddlewares.defaultheaders.DefaultHeadersMiddleware',
 'scrapy.downloadermiddlewares.useragent.UserAgentMiddleware',
 'scrapy.downloadermiddlewares.retry.RetryMiddleware',
 'scrapy.downloadermiddlewares.redirect.MetaRefreshMiddleware',
 'scrapy.downloadermiddlewares.httpcompression.HttpCompressionMiddleware',
 'scrapy.downloadermiddlewares.redirect.RedirectMiddleware',
 'scrapy.downloadermiddlewares.cookies.CookiesMiddleware',
 'scrapy.downloadermiddlewares.httpproxy.HttpProxyMiddleware',
 'scrapy.downloadermiddlewares.stats.DownloaderStats']
2021-04-10 18:49:57 [scrapy.middleware] INFO: Enabled spider middlewares:
['scrapy.spidermiddlewares.httperror.HttpErrorMiddleware',
 'scrapy.spidermiddlewares.offsite.OffsiteMiddleware',
 'scrapy.spidermiddlewares.referer.RefererMiddleware',
 'scrapy.spidermiddlewares.urllength.UrlLengthMiddleware',
 'scrapy.spidermiddlewares.depth.DepthMiddleware']
2021-04-10 18:49:57 [scrapy.middleware] INFO: Enabled item pipelines:
['Maoyan.pipelines.MaoyanMysqlPipeline', 'Maoyan.pipelines.MaoyanPipeline']
2021-04-10 18:49:57 [scrapy.core.engine] INFO: Spider opened
2021-04-10 18:49:57 [scrapy.extensions.logstats] INFO: Crawled 0 pages (at 0 pages/min), scraped 0 items (at 0 items/min)
2021-04-10 18:49:57 [scrapy.extensions.telnet] INFO: Telnet console listening on 127.0.0.1:6023
2021-04-10 18:49:58 [scrapy.core.engine] INFO: Closing spider (finished)
2021-04-10 18:49:58 [scrapy.statscollectors] INFO: Dumping Scrapy stats:
{'downloader/request_bytes': 3862,
 'downloader/request_count': 15,
 'downloader/request_method_count/GET': 15,
 'downloader/response_bytes': 46290,
 'downloader/response_count': 15,
 'downloader/response_status_count/200': 10,
 'downloader/response_status_count/302': 5,
 'elapsed_time_seconds': 1.129224,
 'finish_reason': 'finished',
 'finish_time': datetime.datetime(2021, 4, 10, 10, 49, 58, 312028),
 'httpcompression/response_bytes': 134670,
 'httpcompression/response_count': 10,
 'item_scraped_count': 50,
 'log_count/INFO': 10,
 'memusage/max': 72278016,
 'memusage/startup': 72269824,
 'response_received_count': 10,
 'scheduler/dequeued': 15,
 'scheduler/dequeued/memory': 15,
 'scheduler/enqueued': 15,
 'scheduler/enqueued/memory': 15,
 'start_time': datetime.datetime(2021, 4, 10, 10, 49, 57, 182804)}
2021-04-10 18:49:58 [scrapy.core.engine] INFO: Spider closed (finished)
